<?xml version="1.0" encoding="UTF-8"?>
<TestRun id="96f148a5-219c-4179-8980-5b2a3f277433" name="Mohit@ROCKY 2012-05-07 15:27:10" runUser="Rocky\Mohit" xmlns="http://microsoft.com/schemas/VisualStudio/TeamTest/2006">
  <TestRunConfiguration name="Local Test Run" id="1bf5c6e0-5b6e-45e6-9274-68f6d7d21530">
    <Description>This is a default test run configuration for a local test run.</Description>
    <Deployment runDeploymentRoot="C:\Users\Mohit\Desktop\BillingAssignment\Billing System\TestResults\Mohit_ROCKY 2012-05-07 15_27_10">
      <DeploymentItem filename="C:\Users\Mohit\Desktop\BillingAssignment\Billing System\bin\Debug\Billing System.exe" />
    </Deployment>
    <TestTypeSpecific />
  </TestRunConfiguration>
  <ResultSummary outcome="Failed">
    <Counters total="28" executed="28" passed="20" error="0" failed="8" timeout="0" aborted="0" inconclusive="0" passedButRunAborted="0" notRunnable="0" notExecuted="0" disconnected="0" warning="0" completed="0" inProgress="0" pending="0" />
  </ResultSummary>
  <Times creation="2012-05-07T15:27:10.0430863+05:30" queuing="2012-05-07T15:27:11.0580863+05:30" start="2012-05-07T15:27:11.2600863+05:30" finish="2012-05-07T15:27:12.3870863+05:30" />
  <TestDefinitions>
    <UnitTest name="GetNetPayableAmountForOldCustomerTest7" storage="c:\users\mohit\desktop\billingassignment\billingsystemtest\bin\debug\billingsystemtest.dll" id="f0363f9a-f46f-f390-acb9-76ed748600ec">
      <Css projectStructure="" iteration="" />
      <Owners>
        <Owner name="" />
      </Owners>
      <Execution id="532ff796-2269-4aa7-986b-92f9afc3f826" />
      <TestMethod codeBase="C:\Users\Mohit\Desktop\BillingAssignment\BillingSystemTest\bin\Debug\BillingSystemTest.dll" adapterTypeName="Microsoft.VisualStudio.TestTools.TestTypes.Unit.UnitTestAdapter, Microsoft.VisualStudio.QualityTools.Tips.UnitTest.Adapter, Version=9.0.0.0, Culture=neutral, PublicKeyToken=b03f5f7f11d50a3a" className="BillingSystemTest.BillingTest, BillingSystemTest" name="GetNetPayableAmountForOldCustomerTest7" />
    </UnitTest>
    <UnitTest name="GetNetPayableAmountForEmployeeTest5" storage="c:\users\mohit\desktop\billingassignment\billingsystemtest\bin\debug\billingsystemtest.dll" id="afa450e5-e425-6551-ae4a-c2b96d7c9af2">
      <Css projectStructure="" iteration="" />
      <Owners>
        <Owner name="" />
      </Owners>
      <Execution id="c9f2e5a0-851d-4e71-a31e-3bda55eeec68" />
      <TestMethod codeBase="C:\Users\Mohit\Desktop\BillingAssignment\BillingSystemTest\bin\Debug\BillingSystemTest.dll" adapterTypeName="Microsoft.VisualStudio.TestTools.TestTypes.Unit.UnitTestAdapter, Microsoft.VisualStudio.QualityTools.Tips.UnitTest.Adapter, Version=9.0.0.0, Culture=neutral, PublicKeyToken=b03f5f7f11d50a3a" className="BillingSystemTest.BillingTest, BillingSystemTest" name="GetNetPayableAmountForEmployeeTest5" />
    </UnitTest>
    <UnitTest name="GetNetPayableAmountForAffiliateTest6" storage="c:\users\mohit\desktop\billingassignment\billingsystemtest\bin\debug\billingsystemtest.dll" id="d281be4e-8b53-7424-538e-c01cc836e4af">
      <Css projectStructure="" iteration="" />
      <Owners>
        <Owner name="" />
      </Owners>
      <Execution id="5ef85eb5-1481-4ca2-af61-d203d57c3311" />
      <TestMethod codeBase="C:\Users\Mohit\Desktop\BillingAssignment\BillingSystemTest\bin\Debug\BillingSystemTest.dll" adapterTypeName="Microsoft.VisualStudio.TestTools.TestTypes.Unit.UnitTestAdapter, Microsoft.VisualStudio.QualityTools.Tips.UnitTest.Adapter, Version=9.0.0.0, Culture=neutral, PublicKeyToken=b03f5f7f11d50a3a" className="BillingSystemTest.BillingTest, BillingSystemTest" name="GetNetPayableAmountForAffiliateTest6" />
    </UnitTest>
    <UnitTest name="GetNetPayableAmountForAffiliateTest7" storage="c:\users\mohit\desktop\billingassignment\billingsystemtest\bin\debug\billingsystemtest.dll" id="ed129598-1766-8f31-57dd-1b937d7bead6">
      <Css projectStructure="" iteration="" />
      <Owners>
        <Owner name="" />
      </Owners>
      <Execution id="e747f8af-0784-450a-b4c4-375e16e8262e" />
      <TestMethod codeBase="C:\Users\Mohit\Desktop\BillingAssignment\BillingSystemTest\bin\Debug\BillingSystemTest.dll" adapterTypeName="Microsoft.VisualStudio.TestTools.TestTypes.Unit.UnitTestAdapter, Microsoft.VisualStudio.QualityTools.Tips.UnitTest.Adapter, Version=9.0.0.0, Culture=neutral, PublicKeyToken=b03f5f7f11d50a3a" className="BillingSystemTest.BillingTest, BillingSystemTest" name="GetNetPayableAmountForAffiliateTest7" />
    </UnitTest>
    <UnitTest name="GetNetPayableAmountForAffiliateTest1" storage="c:\users\mohit\desktop\billingassignment\billingsystemtest\bin\debug\billingsystemtest.dll" id="ec0043ce-d399-167e-fa7e-c22cc11c3609">
      <Css projectStructure="" iteration="" />
      <Owners>
        <Owner name="" />
      </Owners>
      <Execution id="29459a2e-cb53-4eb0-a445-d03fbcd8f296" />
      <TestMethod codeBase="C:\Users\Mohit\Desktop\BillingAssignment\BillingSystemTest\bin\Debug\BillingSystemTest.dll" adapterTypeName="Microsoft.VisualStudio.TestTools.TestTypes.Unit.UnitTestAdapter, Microsoft.VisualStudio.QualityTools.Tips.UnitTest.Adapter, Version=9.0.0.0, Culture=neutral, PublicKeyToken=b03f5f7f11d50a3a" className="BillingSystemTest.BillingTest, BillingSystemTest" name="GetNetPayableAmountForAffiliateTest1" />
    </UnitTest>
    <UnitTest name="GetNetPayableAmountForNewCustomerTest7" storage="c:\users\mohit\desktop\billingassignment\billingsystemtest\bin\debug\billingsystemtest.dll" id="0c808958-6382-0cc6-29a1-012b8a660ebf">
      <Css projectStructure="" iteration="" />
      <Owners>
        <Owner name="" />
      </Owners>
      <Execution id="278be88b-bc8a-45dd-a4ec-e4300dc57531" />
      <TestMethod codeBase="C:\Users\Mohit\Desktop\BillingAssignment\BillingSystemTest\bin\Debug\BillingSystemTest.dll" adapterTypeName="Microsoft.VisualStudio.TestTools.TestTypes.Unit.UnitTestAdapter, Microsoft.VisualStudio.QualityTools.Tips.UnitTest.Adapter, Version=9.0.0.0, Culture=neutral, PublicKeyToken=b03f5f7f11d50a3a" className="BillingSystemTest.BillingTest, BillingSystemTest" name="GetNetPayableAmountForNewCustomerTest7" />
    </UnitTest>
    <UnitTest name="GetNetPayableAmountForNewCustomerTest1" storage="c:\users\mohit\desktop\billingassignment\billingsystemtest\bin\debug\billingsystemtest.dll" id="7498fcef-b32e-381e-8e8d-69142405f1c6">
      <Css projectStructure="" iteration="" />
      <Owners>
        <Owner name="" />
      </Owners>
      <Execution id="cdc82fbe-e7d2-4a55-a2da-7dca70d1240a" />
      <TestMethod codeBase="C:\Users\Mohit\Desktop\BillingAssignment\BillingSystemTest\bin\Debug\BillingSystemTest.dll" adapterTypeName="Microsoft.VisualStudio.TestTools.TestTypes.Unit.UnitTestAdapter, Microsoft.VisualStudio.QualityTools.Tips.UnitTest.Adapter, Version=9.0.0.0, Culture=neutral, PublicKeyToken=b03f5f7f11d50a3a" className="BillingSystemTest.BillingTest, BillingSystemTest" name="GetNetPayableAmountForNewCustomerTest1" />
    </UnitTest>
    <UnitTest name="GetNetPayableAmountForNewCustomerTest6" storage="c:\users\mohit\desktop\billingassignment\billingsystemtest\bin\debug\billingsystemtest.dll" id="1eef37f2-0d42-431e-1fda-2c31a44807f0">
      <Css projectStructure="" iteration="" />
      <Owners>
        <Owner name="" />
      </Owners>
      <Execution id="69035c94-db9f-40ed-9f79-354e0978d517" />
      <TestMethod codeBase="C:\Users\Mohit\Desktop\BillingAssignment\BillingSystemTest\bin\Debug\BillingSystemTest.dll" adapterTypeName="Microsoft.VisualStudio.TestTools.TestTypes.Unit.UnitTestAdapter, Microsoft.VisualStudio.QualityTools.Tips.UnitTest.Adapter, Version=9.0.0.0, Culture=neutral, PublicKeyToken=b03f5f7f11d50a3a" className="BillingSystemTest.BillingTest, BillingSystemTest" name="GetNetPayableAmountForNewCustomerTest6" />
    </UnitTest>
    <UnitTest name="GetNetPayableAmountForOldCustomerTest6" storage="c:\users\mohit\desktop\billingassignment\billingsystemtest\bin\debug\billingsystemtest.dll" id="b4844ae5-6ae3-5b21-90f2-d5409585adcc">
      <Css projectStructure="" iteration="" />
      <Owners>
        <Owner name="" />
      </Owners>
      <Execution id="0ee84634-8833-4adc-9bb2-c8c5cd59b4ba" />
      <TestMethod codeBase="C:\Users\Mohit\Desktop\BillingAssignment\BillingSystemTest\bin\Debug\BillingSystemTest.dll" adapterTypeName="Microsoft.VisualStudio.TestTools.TestTypes.Unit.UnitTestAdapter, Microsoft.VisualStudio.QualityTools.Tips.UnitTest.Adapter, Version=9.0.0.0, Culture=neutral, PublicKeyToken=b03f5f7f11d50a3a" className="BillingSystemTest.BillingTest, BillingSystemTest" name="GetNetPayableAmountForOldCustomerTest6" />
    </UnitTest>
    <UnitTest name="GetNetPayableAmountForAffiliateTest2" storage="c:\users\mohit\desktop\billingassignment\billingsystemtest\bin\debug\billingsystemtest.dll" id="ad26a200-cf7e-af92-62b4-82a873efa71c">
      <Css projectStructure="" iteration="" />
      <Owners>
        <Owner name="" />
      </Owners>
      <Execution id="bf1f7698-f261-413b-9d67-9c2d6bc5de51" />
      <TestMethod codeBase="C:\Users\Mohit\Desktop\BillingAssignment\BillingSystemTest\bin\Debug\BillingSystemTest.dll" adapterTypeName="Microsoft.VisualStudio.TestTools.TestTypes.Unit.UnitTestAdapter, Microsoft.VisualStudio.QualityTools.Tips.UnitTest.Adapter, Version=9.0.0.0, Culture=neutral, PublicKeyToken=b03f5f7f11d50a3a" className="BillingSystemTest.BillingTest, BillingSystemTest" name="GetNetPayableAmountForAffiliateTest2" />
    </UnitTest>
    <UnitTest name="GetNetPayableAmountForOldCustomerTest1" storage="c:\users\mohit\desktop\billingassignment\billingsystemtest\bin\debug\billingsystemtest.dll" id="6f2ccb11-3f16-d7c9-56c7-2166695b1451">
      <Css projectStructure="" iteration="" />
      <Owners>
        <Owner name="" />
      </Owners>
      <Execution id="eea1b549-2173-4431-829e-ca3569d300f1" />
      <TestMethod codeBase="C:\Users\Mohit\Desktop\BillingAssignment\BillingSystemTest\bin\Debug\BillingSystemTest.dll" adapterTypeName="Microsoft.VisualStudio.TestTools.TestTypes.Unit.UnitTestAdapter, Microsoft.VisualStudio.QualityTools.Tips.UnitTest.Adapter, Version=9.0.0.0, Culture=neutral, PublicKeyToken=b03f5f7f11d50a3a" className="BillingSystemTest.BillingTest, BillingSystemTest" name="GetNetPayableAmountForOldCustomerTest1" />
    </UnitTest>
    <UnitTest name="GetNetPayableAmountForNewCustomerTest2" storage="c:\users\mohit\desktop\billingassignment\billingsystemtest\bin\debug\billingsystemtest.dll" id="6ea096e4-116e-44fe-5b0d-f9b384ccc2f1">
      <Css projectStructure="" iteration="" />
      <Owners>
        <Owner name="" />
      </Owners>
      <Execution id="6d285891-a5fb-405b-a878-3549cead9970" />
      <TestMethod codeBase="C:\Users\Mohit\Desktop\BillingAssignment\BillingSystemTest\bin\Debug\BillingSystemTest.dll" adapterTypeName="Microsoft.VisualStudio.TestTools.TestTypes.Unit.UnitTestAdapter, Microsoft.VisualStudio.QualityTools.Tips.UnitTest.Adapter, Version=9.0.0.0, Culture=neutral, PublicKeyToken=b03f5f7f11d50a3a" className="BillingSystemTest.BillingTest, BillingSystemTest" name="GetNetPayableAmountForNewCustomerTest2" />
    </UnitTest>
    <UnitTest name="GetNetPayableAmountForOldCustomerTest3" storage="c:\users\mohit\desktop\billingassignment\billingsystemtest\bin\debug\billingsystemtest.dll" id="df15e071-e3e2-946d-1d66-be86fb09a02c">
      <Css projectStructure="" iteration="" />
      <Owners>
        <Owner name="" />
      </Owners>
      <Execution id="ad19406a-d566-498d-9820-b5436271ee03" />
      <TestMethod codeBase="C:\Users\Mohit\Desktop\BillingAssignment\BillingSystemTest\bin\Debug\BillingSystemTest.dll" adapterTypeName="Microsoft.VisualStudio.TestTools.TestTypes.Unit.UnitTestAdapter, Microsoft.VisualStudio.QualityTools.Tips.UnitTest.Adapter, Version=9.0.0.0, Culture=neutral, PublicKeyToken=b03f5f7f11d50a3a" className="BillingSystemTest.BillingTest, BillingSystemTest" name="GetNetPayableAmountForOldCustomerTest3" />
    </UnitTest>
    <UnitTest name="GetNetPayableAmountForEmployeeTest7" storage="c:\users\mohit\desktop\billingassignment\billingsystemtest\bin\debug\billingsystemtest.dll" id="300606c3-33e3-aec8-f796-6a016df93860">
      <Css projectStructure="" iteration="" />
      <Owners>
        <Owner name="" />
      </Owners>
      <Execution id="dd57c29d-6331-4f95-bbea-d6cea4a645d7" />
      <TestMethod codeBase="C:\Users\Mohit\Desktop\BillingAssignment\BillingSystemTest\bin\Debug\BillingSystemTest.dll" adapterTypeName="Microsoft.VisualStudio.TestTools.TestTypes.Unit.UnitTestAdapter, Microsoft.VisualStudio.QualityTools.Tips.UnitTest.Adapter, Version=9.0.0.0, Culture=neutral, PublicKeyToken=b03f5f7f11d50a3a" className="BillingSystemTest.BillingTest, BillingSystemTest" name="GetNetPayableAmountForEmployeeTest7" />
    </UnitTest>
    <UnitTest name="GetNetPayableAmountForEmployeeTest1" storage="c:\users\mohit\desktop\billingassignment\billingsystemtest\bin\debug\billingsystemtest.dll" id="fd35dd91-ae60-7064-3deb-c3f9b2fb29d8">
      <Css projectStructure="" iteration="" />
      <Owners>
        <Owner name="" />
      </Owners>
      <Execution id="3e8042dd-039b-4390-9afe-96a2b595a461" />
      <TestMethod codeBase="C:\Users\Mohit\Desktop\BillingAssignment\BillingSystemTest\bin\Debug\BillingSystemTest.dll" adapterTypeName="Microsoft.VisualStudio.TestTools.TestTypes.Unit.UnitTestAdapter, Microsoft.VisualStudio.QualityTools.Tips.UnitTest.Adapter, Version=9.0.0.0, Culture=neutral, PublicKeyToken=b03f5f7f11d50a3a" className="BillingSystemTest.BillingTest, BillingSystemTest" name="GetNetPayableAmountForEmployeeTest1" />
    </UnitTest>
    <UnitTest name="GetNetPayableAmountForEmployeeTest4" storage="c:\users\mohit\desktop\billingassignment\billingsystemtest\bin\debug\billingsystemtest.dll" id="2c5fdff4-5410-05e0-c2c5-143de03fa61e">
      <Css projectStructure="" iteration="" />
      <Owners>
        <Owner name="" />
      </Owners>
      <Execution id="c372247a-2c33-4363-8909-893f16dc0654" />
      <TestMethod codeBase="C:\Users\Mohit\Desktop\BillingAssignment\BillingSystemTest\bin\Debug\BillingSystemTest.dll" adapterTypeName="Microsoft.VisualStudio.TestTools.TestTypes.Unit.UnitTestAdapter, Microsoft.VisualStudio.QualityTools.Tips.UnitTest.Adapter, Version=9.0.0.0, Culture=neutral, PublicKeyToken=b03f5f7f11d50a3a" className="BillingSystemTest.BillingTest, BillingSystemTest" name="GetNetPayableAmountForEmployeeTest4" />
    </UnitTest>
    <UnitTest name="GetNetPayableAmountForEmployeeTest6" storage="c:\users\mohit\desktop\billingassignment\billingsystemtest\bin\debug\billingsystemtest.dll" id="535e9d88-86a6-0b91-aee4-6133c5c45a12">
      <Css projectStructure="" iteration="" />
      <Owners>
        <Owner name="" />
      </Owners>
      <Execution id="ba14bbf6-943e-4960-9b3f-7e5db2cb9950" />
      <TestMethod codeBase="C:\Users\Mohit\Desktop\BillingAssignment\BillingSystemTest\bin\Debug\BillingSystemTest.dll" adapterTypeName="Microsoft.VisualStudio.TestTools.TestTypes.Unit.UnitTestAdapter, Microsoft.VisualStudio.QualityTools.Tips.UnitTest.Adapter, Version=9.0.0.0, Culture=neutral, PublicKeyToken=b03f5f7f11d50a3a" className="BillingSystemTest.BillingTest, BillingSystemTest" name="GetNetPayableAmountForEmployeeTest6" />
    </UnitTest>
    <UnitTest name="GetNetPayableAmountForOldCustomerTest4" storage="c:\users\mohit\desktop\billingassignment\billingsystemtest\bin\debug\billingsystemtest.dll" id="826cf97b-adf4-7c81-2034-a6c2f72e34c0">
      <Css projectStructure="" iteration="" />
      <Owners>
        <Owner name="" />
      </Owners>
      <Execution id="e7a8c6fc-8171-4ddc-8309-23df580c7b8c" />
      <TestMethod codeBase="C:\Users\Mohit\Desktop\BillingAssignment\BillingSystemTest\bin\Debug\BillingSystemTest.dll" adapterTypeName="Microsoft.VisualStudio.TestTools.TestTypes.Unit.UnitTestAdapter, Microsoft.VisualStudio.QualityTools.Tips.UnitTest.Adapter, Version=9.0.0.0, Culture=neutral, PublicKeyToken=b03f5f7f11d50a3a" className="BillingSystemTest.BillingTest, BillingSystemTest" name="GetNetPayableAmountForOldCustomerTest4" />
    </UnitTest>
    <UnitTest name="GetNetPayableAmountForNewCustomerTest5" storage="c:\users\mohit\desktop\billingassignment\billingsystemtest\bin\debug\billingsystemtest.dll" id="3c24a4b2-6ed6-ee08-df7a-1872127fbb41">
      <Css projectStructure="" iteration="" />
      <Owners>
        <Owner name="" />
      </Owners>
      <Execution id="c21474b7-14de-4781-b0dc-c7c8784808b0" />
      <TestMethod codeBase="C:\Users\Mohit\Desktop\BillingAssignment\BillingSystemTest\bin\Debug\BillingSystemTest.dll" adapterTypeName="Microsoft.VisualStudio.TestTools.TestTypes.Unit.UnitTestAdapter, Microsoft.VisualStudio.QualityTools.Tips.UnitTest.Adapter, Version=9.0.0.0, Culture=neutral, PublicKeyToken=b03f5f7f11d50a3a" className="BillingSystemTest.BillingTest, BillingSystemTest" name="GetNetPayableAmountForNewCustomerTest5" />
    </UnitTest>
    <UnitTest name="GetNetPayableAmountForEmployeeTest2" storage="c:\users\mohit\desktop\billingassignment\billingsystemtest\bin\debug\billingsystemtest.dll" id="fca2c718-fe7d-a1b2-3c60-d5275f5b2cd4">
      <Css projectStructure="" iteration="" />
      <Owners>
        <Owner name="" />
      </Owners>
      <Execution id="a4e00dcf-dd96-41f9-aca2-9ea90207a75e" />
      <TestMethod codeBase="C:\Users\Mohit\Desktop\BillingAssignment\BillingSystemTest\bin\Debug\BillingSystemTest.dll" adapterTypeName="Microsoft.VisualStudio.TestTools.TestTypes.Unit.UnitTestAdapter, Microsoft.VisualStudio.QualityTools.Tips.UnitTest.Adapter, Version=9.0.0.0, Culture=neutral, PublicKeyToken=b03f5f7f11d50a3a" className="BillingSystemTest.BillingTest, BillingSystemTest" name="GetNetPayableAmountForEmployeeTest2" />
    </UnitTest>
    <UnitTest name="GetNetPayableAmountForAffiliateTest3" storage="c:\users\mohit\desktop\billingassignment\billingsystemtest\bin\debug\billingsystemtest.dll" id="47a67b64-0292-7198-0fb6-23372ca1b25a">
      <Css projectStructure="" iteration="" />
      <Owners>
        <Owner name="" />
      </Owners>
      <Execution id="337263e0-09a0-4b82-a054-f151e79265a6" />
      <TestMethod codeBase="C:\Users\Mohit\Desktop\BillingAssignment\BillingSystemTest\bin\Debug\BillingSystemTest.dll" adapterTypeName="Microsoft.VisualStudio.TestTools.TestTypes.Unit.UnitTestAdapter, Microsoft.VisualStudio.QualityTools.Tips.UnitTest.Adapter, Version=9.0.0.0, Culture=neutral, PublicKeyToken=b03f5f7f11d50a3a" className="BillingSystemTest.BillingTest, BillingSystemTest" name="GetNetPayableAmountForAffiliateTest3" />
    </UnitTest>
    <UnitTest name="GetNetPayableAmountForNewCustomerTest3" storage="c:\users\mohit\desktop\billingassignment\billingsystemtest\bin\debug\billingsystemtest.dll" id="b5390676-553e-d687-b2d5-e09cf7a21928">
      <Css projectStructure="" iteration="" />
      <Owners>
        <Owner name="" />
      </Owners>
      <Execution id="a8a08704-75db-4aed-aba2-5f14a42c20fd" />
      <TestMethod codeBase="C:\Users\Mohit\Desktop\BillingAssignment\BillingSystemTest\bin\Debug\BillingSystemTest.dll" adapterTypeName="Microsoft.VisualStudio.TestTools.TestTypes.Unit.UnitTestAdapter, Microsoft.VisualStudio.QualityTools.Tips.UnitTest.Adapter, Version=9.0.0.0, Culture=neutral, PublicKeyToken=b03f5f7f11d50a3a" className="BillingSystemTest.BillingTest, BillingSystemTest" name="GetNetPayableAmountForNewCustomerTest3" />
    </UnitTest>
    <UnitTest name="GetNetPayableAmountForOldCustomerTest5" storage="c:\users\mohit\desktop\billingassignment\billingsystemtest\bin\debug\billingsystemtest.dll" id="2221a06d-d07a-04c5-a61c-604f896c18ad">
      <Css projectStructure="" iteration="" />
      <Owners>
        <Owner name="" />
      </Owners>
      <Execution id="e6fe149a-3650-4e79-abfe-4533313579ca" />
      <TestMethod codeBase="C:\Users\Mohit\Desktop\BillingAssignment\BillingSystemTest\bin\Debug\BillingSystemTest.dll" adapterTypeName="Microsoft.VisualStudio.TestTools.TestTypes.Unit.UnitTestAdapter, Microsoft.VisualStudio.QualityTools.Tips.UnitTest.Adapter, Version=9.0.0.0, Culture=neutral, PublicKeyToken=b03f5f7f11d50a3a" className="BillingSystemTest.BillingTest, BillingSystemTest" name="GetNetPayableAmountForOldCustomerTest5" />
    </UnitTest>
    <UnitTest name="GetNetPayableAmountForOldCustomerTest2" storage="c:\users\mohit\desktop\billingassignment\billingsystemtest\bin\debug\billingsystemtest.dll" id="bb769f92-859f-a5d9-5d04-32b54afe68ef">
      <Css projectStructure="" iteration="" />
      <Owners>
        <Owner name="" />
      </Owners>
      <Execution id="8b8c47b3-a66b-41be-be56-f02cc69bbfac" />
      <TestMethod codeBase="C:\Users\Mohit\Desktop\BillingAssignment\BillingSystemTest\bin\Debug\BillingSystemTest.dll" adapterTypeName="Microsoft.VisualStudio.TestTools.TestTypes.Unit.UnitTestAdapter, Microsoft.VisualStudio.QualityTools.Tips.UnitTest.Adapter, Version=9.0.0.0, Culture=neutral, PublicKeyToken=b03f5f7f11d50a3a" className="BillingSystemTest.BillingTest, BillingSystemTest" name="GetNetPayableAmountForOldCustomerTest2" />
    </UnitTest>
    <UnitTest name="GetNetPayableAmountForAffiliateTest5" storage="c:\users\mohit\desktop\billingassignment\billingsystemtest\bin\debug\billingsystemtest.dll" id="d595561c-f592-55d5-d23a-b8add186deab">
      <Css projectStructure="" iteration="" />
      <Owners>
        <Owner name="" />
      </Owners>
      <Execution id="c2d46e99-6b36-4791-a9b4-da09f9a96c60" />
      <TestMethod codeBase="C:\Users\Mohit\Desktop\BillingAssignment\BillingSystemTest\bin\Debug\BillingSystemTest.dll" adapterTypeName="Microsoft.VisualStudio.TestTools.TestTypes.Unit.UnitTestAdapter, Microsoft.VisualStudio.QualityTools.Tips.UnitTest.Adapter, Version=9.0.0.0, Culture=neutral, PublicKeyToken=b03f5f7f11d50a3a" className="BillingSystemTest.BillingTest, BillingSystemTest" name="GetNetPayableAmountForAffiliateTest5" />
    </UnitTest>
    <UnitTest name="GetNetPayableAmountForNewCustomerTest4" storage="c:\users\mohit\desktop\billingassignment\billingsystemtest\bin\debug\billingsystemtest.dll" id="eb6b2cd2-a851-6a1c-db7b-2445f928f758">
      <Css projectStructure="" iteration="" />
      <Owners>
        <Owner name="" />
      </Owners>
      <Execution id="6b1ec105-6944-4813-aa0b-b2cbf8f2510d" />
      <TestMethod codeBase="C:\Users\Mohit\Desktop\BillingAssignment\BillingSystemTest\bin\Debug\BillingSystemTest.dll" adapterTypeName="Microsoft.VisualStudio.TestTools.TestTypes.Unit.UnitTestAdapter, Microsoft.VisualStudio.QualityTools.Tips.UnitTest.Adapter, Version=9.0.0.0, Culture=neutral, PublicKeyToken=b03f5f7f11d50a3a" className="BillingSystemTest.BillingTest, BillingSystemTest" name="GetNetPayableAmountForNewCustomerTest4" />
    </UnitTest>
    <UnitTest name="GetNetPayableAmountForAffiliateTest4" storage="c:\users\mohit\desktop\billingassignment\billingsystemtest\bin\debug\billingsystemtest.dll" id="623caa82-68f1-1389-c865-be9b0a8327d1">
      <Css projectStructure="" iteration="" />
      <Owners>
        <Owner name="" />
      </Owners>
      <Execution id="c21941bb-5c3a-40c7-8863-b1b8221eb1f5" />
      <TestMethod codeBase="C:\Users\Mohit\Desktop\BillingAssignment\BillingSystemTest\bin\Debug\BillingSystemTest.dll" adapterTypeName="Microsoft.VisualStudio.TestTools.TestTypes.Unit.UnitTestAdapter, Microsoft.VisualStudio.QualityTools.Tips.UnitTest.Adapter, Version=9.0.0.0, Culture=neutral, PublicKeyToken=b03f5f7f11d50a3a" className="BillingSystemTest.BillingTest, BillingSystemTest" name="GetNetPayableAmountForAffiliateTest4" />
    </UnitTest>
    <UnitTest name="GetNetPayableAmountForEmployeeTest3" storage="c:\users\mohit\desktop\billingassignment\billingsystemtest\bin\debug\billingsystemtest.dll" id="f829d9cf-41ae-6f89-4b08-bace973282c0">
      <Css projectStructure="" iteration="" />
      <Owners>
        <Owner name="" />
      </Owners>
      <Execution id="e35e7dff-37b9-4f4d-b343-1761d611151c" />
      <TestMethod codeBase="C:\Users\Mohit\Desktop\BillingAssignment\BillingSystemTest\bin\Debug\BillingSystemTest.dll" adapterTypeName="Microsoft.VisualStudio.TestTools.TestTypes.Unit.UnitTestAdapter, Microsoft.VisualStudio.QualityTools.Tips.UnitTest.Adapter, Version=9.0.0.0, Culture=neutral, PublicKeyToken=b03f5f7f11d50a3a" className="BillingSystemTest.BillingTest, BillingSystemTest" name="GetNetPayableAmountForEmployeeTest3" />
    </UnitTest>
  </TestDefinitions>
  <TestLists>
    <TestList name="Results Not in a List" id="8c84fa94-04c1-424b-9868-57a2d4851a1d" />
    <TestList name="All Loaded Results" id="19431567-8539-422a-85d7-44ee4e166bda" />
  </TestLists>
  <TestEntries>
    <TestEntry testId="fd35dd91-ae60-7064-3deb-c3f9b2fb29d8" executionId="3e8042dd-039b-4390-9afe-96a2b595a461" testListId="8c84fa94-04c1-424b-9868-57a2d4851a1d" />
    <TestEntry testId="fca2c718-fe7d-a1b2-3c60-d5275f5b2cd4" executionId="a4e00dcf-dd96-41f9-aca2-9ea90207a75e" testListId="8c84fa94-04c1-424b-9868-57a2d4851a1d" />
    <TestEntry testId="f829d9cf-41ae-6f89-4b08-bace973282c0" executionId="e35e7dff-37b9-4f4d-b343-1761d611151c" testListId="8c84fa94-04c1-424b-9868-57a2d4851a1d" />
    <TestEntry testId="2c5fdff4-5410-05e0-c2c5-143de03fa61e" executionId="c372247a-2c33-4363-8909-893f16dc0654" testListId="8c84fa94-04c1-424b-9868-57a2d4851a1d" />
    <TestEntry testId="afa450e5-e425-6551-ae4a-c2b96d7c9af2" executionId="c9f2e5a0-851d-4e71-a31e-3bda55eeec68" testListId="8c84fa94-04c1-424b-9868-57a2d4851a1d" />
    <TestEntry testId="535e9d88-86a6-0b91-aee4-6133c5c45a12" executionId="ba14bbf6-943e-4960-9b3f-7e5db2cb9950" testListId="8c84fa94-04c1-424b-9868-57a2d4851a1d" />
    <TestEntry testId="300606c3-33e3-aec8-f796-6a016df93860" executionId="dd57c29d-6331-4f95-bbea-d6cea4a645d7" testListId="8c84fa94-04c1-424b-9868-57a2d4851a1d" />
    <TestEntry testId="ec0043ce-d399-167e-fa7e-c22cc11c3609" executionId="29459a2e-cb53-4eb0-a445-d03fbcd8f296" testListId="8c84fa94-04c1-424b-9868-57a2d4851a1d" />
    <TestEntry testId="ad26a200-cf7e-af92-62b4-82a873efa71c" executionId="bf1f7698-f261-413b-9d67-9c2d6bc5de51" testListId="8c84fa94-04c1-424b-9868-57a2d4851a1d" />
    <TestEntry testId="47a67b64-0292-7198-0fb6-23372ca1b25a" executionId="337263e0-09a0-4b82-a054-f151e79265a6" testListId="8c84fa94-04c1-424b-9868-57a2d4851a1d" />
    <TestEntry testId="623caa82-68f1-1389-c865-be9b0a8327d1" executionId="c21941bb-5c3a-40c7-8863-b1b8221eb1f5" testListId="8c84fa94-04c1-424b-9868-57a2d4851a1d" />
    <TestEntry testId="d595561c-f592-55d5-d23a-b8add186deab" executionId="c2d46e99-6b36-4791-a9b4-da09f9a96c60" testListId="8c84fa94-04c1-424b-9868-57a2d4851a1d" />
    <TestEntry testId="d281be4e-8b53-7424-538e-c01cc836e4af" executionId="5ef85eb5-1481-4ca2-af61-d203d57c3311" testListId="8c84fa94-04c1-424b-9868-57a2d4851a1d" />
    <TestEntry testId="ed129598-1766-8f31-57dd-1b937d7bead6" executionId="e747f8af-0784-450a-b4c4-375e16e8262e" testListId="8c84fa94-04c1-424b-9868-57a2d4851a1d" />
    <TestEntry testId="6f2ccb11-3f16-d7c9-56c7-2166695b1451" executionId="eea1b549-2173-4431-829e-ca3569d300f1" testListId="8c84fa94-04c1-424b-9868-57a2d4851a1d" />
    <TestEntry testId="bb769f92-859f-a5d9-5d04-32b54afe68ef" executionId="8b8c47b3-a66b-41be-be56-f02cc69bbfac" testListId="8c84fa94-04c1-424b-9868-57a2d4851a1d" />
    <TestEntry testId="df15e071-e3e2-946d-1d66-be86fb09a02c" executionId="ad19406a-d566-498d-9820-b5436271ee03" testListId="8c84fa94-04c1-424b-9868-57a2d4851a1d" />
    <TestEntry testId="826cf97b-adf4-7c81-2034-a6c2f72e34c0" executionId="e7a8c6fc-8171-4ddc-8309-23df580c7b8c" testListId="8c84fa94-04c1-424b-9868-57a2d4851a1d" />
    <TestEntry testId="2221a06d-d07a-04c5-a61c-604f896c18ad" executionId="e6fe149a-3650-4e79-abfe-4533313579ca" testListId="8c84fa94-04c1-424b-9868-57a2d4851a1d" />
    <TestEntry testId="b4844ae5-6ae3-5b21-90f2-d5409585adcc" executionId="0ee84634-8833-4adc-9bb2-c8c5cd59b4ba" testListId="8c84fa94-04c1-424b-9868-57a2d4851a1d" />
    <TestEntry testId="f0363f9a-f46f-f390-acb9-76ed748600ec" executionId="532ff796-2269-4aa7-986b-92f9afc3f826" testListId="8c84fa94-04c1-424b-9868-57a2d4851a1d" />
    <TestEntry testId="7498fcef-b32e-381e-8e8d-69142405f1c6" executionId="cdc82fbe-e7d2-4a55-a2da-7dca70d1240a" testListId="8c84fa94-04c1-424b-9868-57a2d4851a1d" />
    <TestEntry testId="6ea096e4-116e-44fe-5b0d-f9b384ccc2f1" executionId="6d285891-a5fb-405b-a878-3549cead9970" testListId="8c84fa94-04c1-424b-9868-57a2d4851a1d" />
    <TestEntry testId="b5390676-553e-d687-b2d5-e09cf7a21928" executionId="a8a08704-75db-4aed-aba2-5f14a42c20fd" testListId="8c84fa94-04c1-424b-9868-57a2d4851a1d" />
    <TestEntry testId="eb6b2cd2-a851-6a1c-db7b-2445f928f758" executionId="6b1ec105-6944-4813-aa0b-b2cbf8f2510d" testListId="8c84fa94-04c1-424b-9868-57a2d4851a1d" />
    <TestEntry testId="3c24a4b2-6ed6-ee08-df7a-1872127fbb41" executionId="c21474b7-14de-4781-b0dc-c7c8784808b0" testListId="8c84fa94-04c1-424b-9868-57a2d4851a1d" />
    <TestEntry testId="1eef37f2-0d42-431e-1fda-2c31a44807f0" executionId="69035c94-db9f-40ed-9f79-354e0978d517" testListId="8c84fa94-04c1-424b-9868-57a2d4851a1d" />
    <TestEntry testId="0c808958-6382-0cc6-29a1-012b8a660ebf" executionId="278be88b-bc8a-45dd-a4ec-e4300dc57531" testListId="8c84fa94-04c1-424b-9868-57a2d4851a1d" />
  </TestEntries>
  <Results>
    <UnitTestResult executionId="3e8042dd-039b-4390-9afe-96a2b595a461" testId="fd35dd91-ae60-7064-3deb-c3f9b2fb29d8" testName="GetNetPayableAmountForEmployeeTest1" computerName="ROCKY" duration="00:00:00.0188122" startTime="2012-05-07T15:27:11.3860863+05:30" endTime="2012-05-07T15:27:11.9460863+05:30" testType="13cdc9d9-ddb5-4fa4-a97d-d965ccfc6d4b" outcome="Passed" testListId="8c84fa94-04c1-424b-9868-57a2d4851a1d">
      <Output>
      </Output>
    </UnitTestResult>
    <UnitTestResult executionId="a4e00dcf-dd96-41f9-aca2-9ea90207a75e" testId="fca2c718-fe7d-a1b2-3c60-d5275f5b2cd4" testName="GetNetPayableAmountForEmployeeTest2" computerName="ROCKY" duration="00:00:00.0004264" startTime="2012-05-07T15:27:11.9520863+05:30" endTime="2012-05-07T15:27:11.9560863+05:30" testType="13cdc9d9-ddb5-4fa4-a97d-d965ccfc6d4b" outcome="Passed" testListId="8c84fa94-04c1-424b-9868-57a2d4851a1d">
      <Output>
      </Output>
    </UnitTestResult>
    <UnitTestResult executionId="e35e7dff-37b9-4f4d-b343-1761d611151c" testId="f829d9cf-41ae-6f89-4b08-bace973282c0" testName="GetNetPayableAmountForEmployeeTest3" computerName="ROCKY" duration="00:00:00.0003104" startTime="2012-05-07T15:27:11.9630863+05:30" endTime="2012-05-07T15:27:11.9670863+05:30" testType="13cdc9d9-ddb5-4fa4-a97d-d965ccfc6d4b" outcome="Passed" testListId="8c84fa94-04c1-424b-9868-57a2d4851a1d">
      <Output>
      </Output>
    </UnitTestResult>
    <UnitTestResult executionId="c372247a-2c33-4363-8909-893f16dc0654" testId="2c5fdff4-5410-05e0-c2c5-143de03fa61e" testName="GetNetPayableAmountForEmployeeTest4" computerName="ROCKY" duration="00:00:00.0003045" startTime="2012-05-07T15:27:11.9720863+05:30" endTime="2012-05-07T15:27:11.9750863+05:30" testType="13cdc9d9-ddb5-4fa4-a97d-d965ccfc6d4b" outcome="Passed" testListId="8c84fa94-04c1-424b-9868-57a2d4851a1d">
      <Output>
      </Output>
    </UnitTestResult>
    <UnitTestResult executionId="c9f2e5a0-851d-4e71-a31e-3bda55eeec68" testId="afa450e5-e425-6551-ae4a-c2b96d7c9af2" testName="GetNetPayableAmountForEmployeeTest5" computerName="ROCKY" duration="00:00:00.0002948" startTime="2012-05-07T15:27:11.9800863+05:30" endTime="2012-05-07T15:27:11.9840863+05:30" testType="13cdc9d9-ddb5-4fa4-a97d-d965ccfc6d4b" outcome="Passed" testListId="8c84fa94-04c1-424b-9868-57a2d4851a1d">
      <Output>
      </Output>
    </UnitTestResult>
    <UnitTestResult executionId="ba14bbf6-943e-4960-9b3f-7e5db2cb9950" testId="535e9d88-86a6-0b91-aee4-6133c5c45a12" testName="GetNetPayableAmountForEmployeeTest6" computerName="ROCKY" duration="00:00:00.0003142" startTime="2012-05-07T15:27:11.9900863+05:30" endTime="2012-05-07T15:27:11.9930863+05:30" testType="13cdc9d9-ddb5-4fa4-a97d-d965ccfc6d4b" outcome="Passed" testListId="8c84fa94-04c1-424b-9868-57a2d4851a1d">
      <Output>
      </Output>
    </UnitTestResult>
    <UnitTestResult executionId="dd57c29d-6331-4f95-bbea-d6cea4a645d7" testId="300606c3-33e3-aec8-f796-6a016df93860" testName="GetNetPayableAmountForEmployeeTest7" computerName="ROCKY" duration="00:00:00.0003010" startTime="2012-05-07T15:27:11.9980863+05:30" endTime="2012-05-07T15:27:12.0020863+05:30" testType="13cdc9d9-ddb5-4fa4-a97d-d965ccfc6d4b" outcome="Passed" testListId="8c84fa94-04c1-424b-9868-57a2d4851a1d">
      <Output>
      </Output>
    </UnitTestResult>
    <UnitTestResult executionId="29459a2e-cb53-4eb0-a445-d03fbcd8f296" testId="ec0043ce-d399-167e-fa7e-c22cc11c3609" testName="GetNetPayableAmountForAffiliateTest1" computerName="ROCKY" duration="00:00:00.0003841" startTime="2012-05-07T15:27:12.0060863+05:30" endTime="2012-05-07T15:27:12.0100863+05:30" testType="13cdc9d9-ddb5-4fa4-a97d-d965ccfc6d4b" outcome="Passed" testListId="8c84fa94-04c1-424b-9868-57a2d4851a1d">
      <Output>
      </Output>
    </UnitTestResult>
    <UnitTestResult executionId="bf1f7698-f261-413b-9d67-9c2d6bc5de51" testId="ad26a200-cf7e-af92-62b4-82a873efa71c" testName="GetNetPayableAmountForAffiliateTest2" computerName="ROCKY" duration="00:00:00.0003120" startTime="2012-05-07T15:27:12.0150863+05:30" endTime="2012-05-07T15:27:12.0190863+05:30" testType="13cdc9d9-ddb5-4fa4-a97d-d965ccfc6d4b" outcome="Passed" testListId="8c84fa94-04c1-424b-9868-57a2d4851a1d">
      <Output>
      </Output>
    </UnitTestResult>
    <UnitTestResult executionId="337263e0-09a0-4b82-a054-f151e79265a6" testId="47a67b64-0292-7198-0fb6-23372ca1b25a" testName="GetNetPayableAmountForAffiliateTest3" computerName="ROCKY" duration="00:00:00.0003216" startTime="2012-05-07T15:27:12.0240863+05:30" endTime="2012-05-07T15:27:12.0270863+05:30" testType="13cdc9d9-ddb5-4fa4-a97d-d965ccfc6d4b" outcome="Passed" testListId="8c84fa94-04c1-424b-9868-57a2d4851a1d">
      <Output>
      </Output>
    </UnitTestResult>
    <UnitTestResult executionId="c21941bb-5c3a-40c7-8863-b1b8221eb1f5" testId="623caa82-68f1-1389-c865-be9b0a8327d1" testName="GetNetPayableAmountForAffiliateTest4" computerName="ROCKY" duration="00:00:00.0003129" startTime="2012-05-07T15:27:12.0320863+05:30" endTime="2012-05-07T15:27:12.0360863+05:30" testType="13cdc9d9-ddb5-4fa4-a97d-d965ccfc6d4b" outcome="Passed" testListId="8c84fa94-04c1-424b-9868-57a2d4851a1d">
      <Output>
      </Output>
    </UnitTestResult>
    <UnitTestResult executionId="c2d46e99-6b36-4791-a9b4-da09f9a96c60" testId="d595561c-f592-55d5-d23a-b8add186deab" testName="GetNetPayableAmountForAffiliateTest5" computerName="ROCKY" duration="00:00:00.0003117" startTime="2012-05-07T15:27:12.0420863+05:30" endTime="2012-05-07T15:27:12.0450863+05:30" testType="13cdc9d9-ddb5-4fa4-a97d-d965ccfc6d4b" outcome="Passed" testListId="8c84fa94-04c1-424b-9868-57a2d4851a1d">
      <Output>
      </Output>
    </UnitTestResult>
    <UnitTestResult executionId="5ef85eb5-1481-4ca2-af61-d203d57c3311" testId="d281be4e-8b53-7424-538e-c01cc836e4af" testName="GetNetPayableAmountForAffiliateTest6" computerName="ROCKY" duration="00:00:00.0003135" startTime="2012-05-07T15:27:12.0500863+05:30" endTime="2012-05-07T15:27:12.0540863+05:30" testType="13cdc9d9-ddb5-4fa4-a97d-d965ccfc6d4b" outcome="Passed" testListId="8c84fa94-04c1-424b-9868-57a2d4851a1d">
      <Output>
      </Output>
    </UnitTestResult>
    <UnitTestResult executionId="e747f8af-0784-450a-b4c4-375e16e8262e" testId="ed129598-1766-8f31-57dd-1b937d7bead6" testName="GetNetPayableAmountForAffiliateTest7" computerName="ROCKY" duration="00:00:00.0003098" startTime="2012-05-07T15:27:12.0590863+05:30" endTime="2012-05-07T15:27:12.0620863+05:30" testType="13cdc9d9-ddb5-4fa4-a97d-d965ccfc6d4b" outcome="Passed" testListId="8c84fa94-04c1-424b-9868-57a2d4851a1d">
      <Output>
      </Output>
    </UnitTestResult>
    <UnitTestResult executionId="eea1b549-2173-4431-829e-ca3569d300f1" testId="6f2ccb11-3f16-d7c9-56c7-2166695b1451" testName="GetNetPayableAmountForOldCustomerTest1" computerName="ROCKY" duration="00:00:00.0005434" startTime="2012-05-07T15:27:12.0670863+05:30" endTime="2012-05-07T15:27:12.0710863+05:30" testType="13cdc9d9-ddb5-4fa4-a97d-d965ccfc6d4b" outcome="Passed" testListId="8c84fa94-04c1-424b-9868-57a2d4851a1d">
      <Output>
      </Output>
    </UnitTestResult>
    <UnitTestResult executionId="8b8c47b3-a66b-41be-be56-f02cc69bbfac" testId="bb769f92-859f-a5d9-5d04-32b54afe68ef" testName="GetNetPayableAmountForOldCustomerTest2" computerName="ROCKY" duration="00:00:00.0206031" startTime="2012-05-07T15:27:12.0770863+05:30" endTime="2012-05-07T15:27:12.1010863+05:30" testType="13cdc9d9-ddb5-4fa4-a97d-d965ccfc6d4b" outcome="Failed" testListId="8c84fa94-04c1-424b-9868-57a2d4851a1d">
      <Output>
        <ErrorInfo>
          <Message>Assert.AreEqual failed. Expected:&lt;260&gt;. Actual:&lt;275&gt;. </Message>
          <StackTrace>   at BillingSystemTest.BillingTest.GetNetPayableAmountForOldCustomerTest2() in C:\Users\Mohit\Desktop\BillingAssignment\BillingSystemTest\BillingTest.cs:line 380
</StackTrace>
        </ErrorInfo>
      </Output>
    </UnitTestResult>
    <UnitTestResult executionId="ad19406a-d566-498d-9820-b5436271ee03" testId="df15e071-e3e2-946d-1d66-be86fb09a02c" testName="GetNetPayableAmountForOldCustomerTest3" computerName="ROCKY" duration="00:00:00.0003436" startTime="2012-05-07T15:27:12.1090863+05:30" endTime="2012-05-07T15:27:12.1120863+05:30" testType="13cdc9d9-ddb5-4fa4-a97d-d965ccfc6d4b" outcome="Passed" testListId="8c84fa94-04c1-424b-9868-57a2d4851a1d">
      <Output>
      </Output>
    </UnitTestResult>
    <UnitTestResult executionId="e7a8c6fc-8171-4ddc-8309-23df580c7b8c" testId="826cf97b-adf4-7c81-2034-a6c2f72e34c0" testName="GetNetPayableAmountForOldCustomerTest4" computerName="ROCKY" duration="00:00:00.0076353" startTime="2012-05-07T15:27:12.1150863+05:30" endTime="2012-05-07T15:27:12.1250863+05:30" testType="13cdc9d9-ddb5-4fa4-a97d-d965ccfc6d4b" outcome="Failed" testListId="8c84fa94-04c1-424b-9868-57a2d4851a1d">
      <Output>
        <ErrorInfo>
          <Message>Assert.AreEqual failed. Expected:&lt;1205&gt;. Actual:&lt;1220&gt;. </Message>
          <StackTrace>   at BillingSystemTest.BillingTest.GetNetPayableAmountForOldCustomerTest4() in C:\Users\Mohit\Desktop\BillingAssignment\BillingSystemTest\BillingTest.cs:line 420
</StackTrace>
        </ErrorInfo>
      </Output>
    </UnitTestResult>
    <UnitTestResult executionId="e6fe149a-3650-4e79-abfe-4533313579ca" testId="2221a06d-d07a-04c5-a61c-604f896c18ad" testName="GetNetPayableAmountForOldCustomerTest5" computerName="ROCKY" duration="00:00:00.0003403" startTime="2012-05-07T15:27:12.1280863+05:30" endTime="2012-05-07T15:27:12.1420863+05:30" testType="13cdc9d9-ddb5-4fa4-a97d-d965ccfc6d4b" outcome="Passed" testListId="8c84fa94-04c1-424b-9868-57a2d4851a1d">
      <Output>
      </Output>
    </UnitTestResult>
    <UnitTestResult executionId="0ee84634-8833-4adc-9bb2-c8c5cd59b4ba" testId="b4844ae5-6ae3-5b21-90f2-d5409585adcc" testName="GetNetPayableAmountForOldCustomerTest6" computerName="ROCKY" duration="00:00:00.0077314" startTime="2012-05-07T15:27:12.1490863+05:30" endTime="2012-05-07T15:27:12.1600863+05:30" testType="13cdc9d9-ddb5-4fa4-a97d-d965ccfc6d4b" outcome="Failed" testListId="8c84fa94-04c1-424b-9868-57a2d4851a1d">
      <Output>
        <ErrorInfo>
          <Message>Assert.AreEqual failed. Expected:&lt;310&gt;. Actual:&lt;325&gt;. </Message>
          <StackTrace>   at BillingSystemTest.BillingTest.GetNetPayableAmountForOldCustomerTest6() in C:\Users\Mohit\Desktop\BillingAssignment\BillingSystemTest\BillingTest.cs:line 460
</StackTrace>
        </ErrorInfo>
      </Output>
    </UnitTestResult>
    <UnitTestResult executionId="532ff796-2269-4aa7-986b-92f9afc3f826" testId="f0363f9a-f46f-f390-acb9-76ed748600ec" testName="GetNetPayableAmountForOldCustomerTest7" computerName="ROCKY" duration="00:00:00.0083873" startTime="2012-05-07T15:27:12.1670863+05:30" endTime="2012-05-07T15:27:12.1780863+05:30" testType="13cdc9d9-ddb5-4fa4-a97d-d965ccfc6d4b" outcome="Failed" testListId="8c84fa94-04c1-424b-9868-57a2d4851a1d">
      <Output>
        <ErrorInfo>
          <Message>Assert.AreEqual failed. Expected:&lt;95&gt;. Actual:&lt;97.5&gt;. </Message>
          <StackTrace>   at BillingSystemTest.BillingTest.GetNetPayableAmountForOldCustomerTest7() in C:\Users\Mohit\Desktop\BillingAssignment\BillingSystemTest\BillingTest.cs:line 480
</StackTrace>
        </ErrorInfo>
      </Output>
    </UnitTestResult>
    <UnitTestResult executionId="cdc82fbe-e7d2-4a55-a2da-7dca70d1240a" testId="7498fcef-b32e-381e-8e8d-69142405f1c6" testName="GetNetPayableAmountForNewCustomerTest1" computerName="ROCKY" duration="00:00:00.0003212" startTime="2012-05-07T15:27:12.1850863+05:30" endTime="2012-05-07T15:27:12.1880863+05:30" testType="13cdc9d9-ddb5-4fa4-a97d-d965ccfc6d4b" outcome="Passed" testListId="8c84fa94-04c1-424b-9868-57a2d4851a1d">
      <Output>
      </Output>
    </UnitTestResult>
    <UnitTestResult executionId="6d285891-a5fb-405b-a878-3549cead9970" testId="6ea096e4-116e-44fe-5b0d-f9b384ccc2f1" testName="GetNetPayableAmountForNewCustomerTest2" computerName="ROCKY" duration="00:00:00.0081645" startTime="2012-05-07T15:27:12.1920863+05:30" endTime="2012-05-07T15:27:12.2030863+05:30" testType="13cdc9d9-ddb5-4fa4-a97d-d965ccfc6d4b" outcome="Failed" testListId="8c84fa94-04c1-424b-9868-57a2d4851a1d">
      <Output>
        <ErrorInfo>
          <Message>Assert.AreEqual failed. Expected:&lt;260&gt;. Actual:&lt;275&gt;. </Message>
          <StackTrace>   at BillingSystemTest.BillingTest.GetNetPayableAmountForNewCustomerTest2() in C:\Users\Mohit\Desktop\BillingAssignment\BillingSystemTest\BillingTest.cs:line 520
</StackTrace>
        </ErrorInfo>
      </Output>
    </UnitTestResult>
    <UnitTestResult executionId="a8a08704-75db-4aed-aba2-5f14a42c20fd" testId="b5390676-553e-d687-b2d5-e09cf7a21928" testName="GetNetPayableAmountForNewCustomerTest3" computerName="ROCKY" duration="00:00:00.0003204" startTime="2012-05-07T15:27:12.2210863+05:30" endTime="2012-05-07T15:27:12.2250863+05:30" testType="13cdc9d9-ddb5-4fa4-a97d-d965ccfc6d4b" outcome="Passed" testListId="8c84fa94-04c1-424b-9868-57a2d4851a1d">
      <Output>
      </Output>
    </UnitTestResult>
    <UnitTestResult executionId="6b1ec105-6944-4813-aa0b-b2cbf8f2510d" testId="eb6b2cd2-a851-6a1c-db7b-2445f928f758" testName="GetNetPayableAmountForNewCustomerTest4" computerName="ROCKY" duration="00:00:00.0081065" startTime="2012-05-07T15:27:12.2310863+05:30" endTime="2012-05-07T15:27:12.2420863+05:30" testType="13cdc9d9-ddb5-4fa4-a97d-d965ccfc6d4b" outcome="Failed" testListId="8c84fa94-04c1-424b-9868-57a2d4851a1d">
      <Output>
        <ErrorInfo>
          <Message>Assert.AreEqual failed. Expected:&lt;1205&gt;. Actual:&lt;1220&gt;. </Message>
          <StackTrace>   at BillingSystemTest.BillingTest.GetNetPayableAmountForNewCustomerTest4() in C:\Users\Mohit\Desktop\BillingAssignment\BillingSystemTest\BillingTest.cs:line 560
</StackTrace>
        </ErrorInfo>
      </Output>
    </UnitTestResult>
    <UnitTestResult executionId="c21474b7-14de-4781-b0dc-c7c8784808b0" testId="3c24a4b2-6ed6-ee08-df7a-1872127fbb41" testName="GetNetPayableAmountForNewCustomerTest5" computerName="ROCKY" duration="00:00:00.0003293" startTime="2012-05-07T15:27:12.2530863+05:30" endTime="2012-05-07T15:27:12.2570863+05:30" testType="13cdc9d9-ddb5-4fa4-a97d-d965ccfc6d4b" outcome="Passed" testListId="8c84fa94-04c1-424b-9868-57a2d4851a1d">
      <Output>
      </Output>
    </UnitTestResult>
    <UnitTestResult executionId="69035c94-db9f-40ed-9f79-354e0978d517" testId="1eef37f2-0d42-431e-1fda-2c31a44807f0" testName="GetNetPayableAmountForNewCustomerTest6" computerName="ROCKY" duration="00:00:00.0087448" startTime="2012-05-07T15:27:12.2630863+05:30" endTime="2012-05-07T15:27:12.2760863+05:30" testType="13cdc9d9-ddb5-4fa4-a97d-d965ccfc6d4b" outcome="Failed" testListId="8c84fa94-04c1-424b-9868-57a2d4851a1d">
      <Output>
        <ErrorInfo>
          <Message>Assert.AreEqual failed. Expected:&lt;310&gt;. Actual:&lt;325&gt;. </Message>
          <StackTrace>   at BillingSystemTest.BillingTest.GetNetPayableAmountForNewCustomerTest6() in C:\Users\Mohit\Desktop\BillingAssignment\BillingSystemTest\BillingTest.cs:line 600
</StackTrace>
        </ErrorInfo>
      </Output>
    </UnitTestResult>
    <UnitTestResult executionId="278be88b-bc8a-45dd-a4ec-e4300dc57531" testId="0c808958-6382-0cc6-29a1-012b8a660ebf" testName="GetNetPayableAmountForNewCustomerTest7" computerName="ROCKY" duration="00:00:00.0080656" startTime="2012-05-07T15:27:12.2820863+05:30" endTime="2012-05-07T15:27:12.2930863+05:30" testType="13cdc9d9-ddb5-4fa4-a97d-d965ccfc6d4b" outcome="Failed" testListId="8c84fa94-04c1-424b-9868-57a2d4851a1d">
      <Output>
        <ErrorInfo>
          <Message>Assert.AreEqual failed. Expected:&lt;95&gt;. Actual:&lt;97.5&gt;. </Message>
          <StackTrace>   at BillingSystemTest.BillingTest.GetNetPayableAmountForNewCustomerTest7() in C:\Users\Mohit\Desktop\BillingAssignment\BillingSystemTest\BillingTest.cs:line 620
</StackTrace>
        </ErrorInfo>
      </Output>
    </UnitTestResult>
  </Results>
</TestRun>